[debug] [2025-08-12T12:47:16.937Z] ----------------------------------------------------------------------
[debug] [2025-08-12T12:47:16.940Z] Command:       /nix/store/ws50yvm6vzlzf7jzz6n7xh4szddrack1-nodejs-20.19.1/bin/node /home/user/.global_modules/bin/firebase init
[debug] [2025-08-12T12:47:16.940Z] CLI Version:   14.12.0
[debug] [2025-08-12T12:47:16.940Z] Platform:      linux
[debug] [2025-08-12T12:47:16.940Z] Node Version:  v20.19.1
[debug] [2025-08-12T12:47:16.941Z] Time:          Tue Aug 12 2025 12:47:16 GMT+0000 (Coordinated Universal Time)
[debug] [2025-08-12T12:47:16.941Z] ----------------------------------------------------------------------
[debug] 
[debug] [2025-08-12T12:47:16.945Z] No OAuth tokens found
[debug] [2025-08-12T12:47:16.946Z] No OAuth tokens found
[error] Failed to fetch Firebase Project from current Studio Workspace: Unable to refresh auth: not yet authenticated.
[debug] [2025-08-12T12:47:16.949Z] > command requires scopes: ["email","openid","https://www.googleapis.com/auth/cloudplatformprojects.readonly","https://www.googleapis.com/auth/firebase","https://www.googleapis.com/auth/cloud-platform","https://www.googleapis.com/auth/userinfo.email"]
[debug] [2025-08-12T12:47:47.201Z] Running auto auth
[info] 
     ######## #### ########  ######## ########     ###     ######  ########
     ##        ##  ##     ## ##       ##     ##  ##   ##  ##       ##
     ######    ##  ########  ######   ########  #########  ######  ######
     ##        ##  ##    ##  ##       ##     ## ##     ##       ## ##
     ##       #### ##     ## ######## ########  ##     ##  ######  ########

You're about to initialize a Firebase project in this directory:

  /home/user/studio

